2014-08-08 10:10:42,436 [INFO] happy365: ['.', '', '/usr/local/lib/python2.7/dist-packages/setuptools-5.3-py2.7.egg', '/usr/local/lib/python2.7/dist-packages/pip-1.5.6-py2.7.egg', '/usr/local/lib/python2.7/dist-packages/MySQL_python-1.2.5-py2.7-linux-x86_64.egg', '/usr/local/lib/python2.7/dist-packages/simplejson-3.5.3-py2.7-linux-x86_64.egg', '/usr/local/lib/python2.7/dist-packages/django_cors_headers-0.12-py2.7.egg', '/usr/local/lib/python2.7/dist-packages/Scrapy-0.24.2-py2.7.egg', '/usr/local/lib/python2.7/dist-packages/six-1.7.3-py2.7.egg', '/usr/local/lib/python2.7/dist-packages/cssselect-0.9.1-py2.7.egg', '/usr/local/lib/python2.7/dist-packages/pyOpenSSL-0.14-py2.7.egg', '/usr/local/lib/python2.7/dist-packages/cffi-0.8.6-py2.7-linux-x86_64.egg', '/usr/local/lib/python2.7/dist-packages/cryptography-0.2.2-py2.7-linux-x86_64.egg', '/usr/local/lib/python2.7/dist-packages/Cython-0.20.2-py2.7-linux-x86_64.egg', '/usr/local/lib/python2.7/dist-packages/Mezzanine-3.1.9-py2.7.egg', '/usr/local/lib/python2.7/dist-packages/Pillow-2.5.0-py2.7-linux-x86_64.egg', '/usr/local/lib/python2.7/dist-packages/future-0.9.0-py2.7.egg', '/usr/local/lib/python2.7/dist-packages/requests_oauthlib-0.4.1-py2.7.egg', '/usr/local/lib/python2.7/dist-packages/requests-2.3.0-py2.7.egg', '/usr/local/lib/python2.7/dist-packages/beautifulsoup4-4.1.3-py2.7.egg', '/usr/local/lib/python2.7/dist-packages/bleach-1.4-py2.7.egg', '/usr/local/lib/python2.7/dist-packages/tzlocal-1.0-py2.7.egg', '/usr/local/lib/python2.7/dist-packages/grappelli_safe-0.3.12-py2.7.egg', '/usr/local/lib/python2.7/dist-packages/filebrowser_safe-0.3.5-py2.7.egg', '/usr/local/lib/python2.7/dist-packages/oauthlib-0.6.3-py2.7.egg', '/usr/local/lib/python2.7/dist-packages/html5lib-1.0b3-py2.7.egg', '/usr/lib/python2.7/dist-packages', '/usr/lib/python2.7', '/usr/lib/python2.7/plat-linux2', '/usr/lib/python2.7/lib-tk', '/usr/lib/python2.7/lib-old', '/usr/lib/python2.7/lib-dynload', '/usr/local/lib/python2.7/dist-packages', '/usr/lib/python2.7/dist-packages/PIL', '/usr/lib/python2.7/dist-packages/gtk-2.0', '/usr/lib/pymodules/python2.7', '/root/moodevaluator/main/server/senti-analysis/sentiment', '/root/moodevaluator/main/server/content-provider']
2014-08-08 10:10:43,452 [INFO] emotion.middleware: emotion.middleware
2014-08-08 10:10:50,220 [INFO] emotion.middleware: emotion.middleware
2014-08-08 10:10:50,334 [INFO] happy365.views: Verify session validation.
2014-08-08 10:10:50,496 [INFO] emotion.middleware: emotion.middleware
2014-08-08 10:11:02,781 [INFO] happy365.views: Verify session validation.
2014-08-08 10:11:02,782 [INFO] emotion.middleware: emotion.middleware
2014-08-08 10:11:02,895 [INFO] happy365.views: validate user 174's token, exp date:2014-08-06-19:00,cur date:2014-08-08-02:11
2014-08-08 10:11:02,896 [INFO] emotion.middleware: emotion.middleware
2014-08-08 10:11:30,966 [INFO] happy365.views: logging OAuthTokenView info.
2014-08-08 10:11:30,966 [INFO] happy365.views: {'csrftoken': '7TEGAPniEFg8kAauXWxAJZWgyzKiRACt', 'sessionid': 'swbup01gp9n753rnq18wspkcqy4b0yd1'}
2014-08-08 10:11:30,966 [INFO] happy365.views: {u'access_token': u'2.00_gGqzB0XcX3g9bdfdf15f1QaEapD', u'remind_in': u'146909', u'expires_in': u'146909', u'uid': u'1829908071'}
2014-08-08 10:11:30,966 [INFO] happy365.views: session user id:174
2014-08-08 10:11:30,996 [INFO] emotion.middleware: emotion.middleware
2014-08-08 10:11:30,996 [INFO] emotion.middleware: 7TEGAPniEFg8kAauXWxAJZWgyzKiRACt
2014-08-08 10:11:31,008 [INFO] happy365.views: Logging Feeds Info
2014-08-08 10:11:31,008 [INFO] happy365.views: Logging Request Filter Info
2014-08-08 10:11:31,008 [INFO] happy365.views: Session user id is:174.
2014-08-08 10:11:31,009 [INFO] happy365.views: Fetch token info success
2014-08-08 10:11:31,011 [INFO] happy365.views: validate user 174's token, exp date:2014-08-09-18:59,cur date:2014-08-08-02:11
2014-08-08 10:11:31,011 [INFO] happy365.views: Start to fetch user latest status
2014-08-08 10:11:31,011 [INFO] happy365.weiboCrawel: https://api.weibo.com/2/statuses/user_timeline.json?access_token=2.00_gGqzB0XcX3g9bdfdf15f1QaEapD&count=1&uid=1829908071
2014-08-08 10:11:31,395 [INFO] happy365.weiboCrawel: {"statuses":[{"created_at":"Thu Aug 07 23:40:00 +0800 2014","id":3741078152897317,"mid":"3741078152897317","idstr":"3741078152897317","text":"Oh gosh //@CrazyJvm:OMG","source":"<a href=\"http://app.weibo.com/t/feed/9ksdit\" rel=\"nofollow\">iPhone客户端</a>","favorited":false,"truncated":false,"in_reply_to_status_id":"","in_reply_to_user_id":"","in_reply_to_screen_name":"","pic_urls":[],"geo":null,"user":{"id":1829908071,"idstr":"1829908071","class":1,"screen_name":"上海滩Arthur","name":"上海滩Arthur","province":"31","city":"4","location":"上海 徐汇区","description":"修水管的","url":"","profile_image_url":"http://tp4.sinaimg.cn/1829908071/50/5693535074/1","cover_image_phone":"http://ww1.sinaimg.cn/crop.0.0.640.640.640/a1d3feabjw1ecat4uqw77j20hs0hsacp.jpg","profile_url":"zlarthur","domain":"zlarthur","weihao":"","gender":"m","followers_count":330,"friends_count":271,"statuses_count":1074,"favourites_count":24,"created_at":"Thu Oct 14 19:33:29 +0800 2010","following":false,"allow_all_act_msg":false,"geo_enabled":true,"verified":false,"verified_type":220,"remark":"","ptype":0,"allow_all_comment":true,"avatar_large":"http://tp4.sinaimg.cn/1829908071/180/5693535074/1","avatar_hd":"http://ww2.sinaimg.cn/crop.0.0.640.640.1024/6d122e67jw8eftywyzzwkj20hs0hsgoe.jpg","verified_reason":"","verified_trade":"","verified_reason_url":"","verified_source":"","verified_source_url":"","follow_me":false,"online_status":0,"bi_followers_count":157,"lang":"zh-cn","star":0,"mbtype":0,"mbrank":0,"block_word":0,"block_app":0},"pid":3741048461668360,"retweeted_status":{"created_at":"Thu Aug 07 21:30:04 +0800 2014","id":3741045458323183,"mid":"3741045458323183","idstr":"3741045458323183","text":"毛胚房和精装修的区别 。。。震惊了！","source":"<a href=\"http://app.weibo.com/t/feed/9ksdit\" rel=\"nofollow\">iPhone客户端</a>","favorited":false,"truncated":false,"in_reply_to_status_id":"","in_reply_to_user_id":"","in_reply_to_screen_name":"","pic_urls":[{"thumbnail_pic":"http://ww1.sinaimg.cn/thumbnail/799b7e64jw1ej4e8tnkgvj20hs0o077q.jpg"},{"thumbnail_pic":"http://ww4.sinaimg.cn/thumbnail/799b7e64jw1ej4e8w4um1j20hs0o0gos.jpg"}],"thumbnail_pic":"http://ww1.sinaimg.cn/thumbnail/799b7e64jw1ej4e8tnkgvj20hs0o077q.jpg","bmiddle_pic":"http://ww1.sinaimg.cn/bmiddle/799b7e64jw1ej4e8tnkgvj20hs0o077q.jpg","original_pic":"http://ww1.sinaimg.cn/large/799b7e64jw1ej4e8tnkgvj20hs0o077q.jpg","geo":null,"user":{"id":2040233572,"idstr":"2040233572","class":1,"screen_name":"serena_贝贝","name":"serena_贝贝","province":"400","city":"2","location":"海外 英国","description":"","url":"","profile_image_url":"http://tp1.sinaimg.cn/2040233572/50/5701175437/0","cover_image_phone":"http://ww4.sinaimg.cn/crop.0.0.0.640.640/6ce2240djw1e9uwtl4ig6j20hs0hsace.jpg","profile_url":"serenak","domain":"serenak","weihao":"","gender":"f","followers_count":22251,"friends_count":1453,"statuses_count":9987,"favourites_count":173,"created_at":"Sun Mar 27 03:35:12 +0800 2011","following":false,"allow_all_act_msg":false,"geo_enabled":true,"verified":true,"verified_type":0,"remark":"","ptype":0,"allow_all_comment":true,"avatar_large":"http://tp1.sinaimg.cn/2040233572/180/5701175437/0","avatar_hd":"http://ww2.sinaimg.cn/crop.0.0.640.640.1024/799b7e64jw8eio7cjw05pj20hs0hsq4j.jpg","verified_reason":"GrassGrowth投资有限公司副总裁","verified_trade":"","verified_reason_url":"","verified_source":"","verified_source_url":"","follow_me":false,"online_status":0,"bi_followers_count":1111,"lang":"zh-cn","star":0,"mbtype":2,"mbrank":4,"block_word":0,"block_app":0},"annotations":[{"client_mblogid":"iPhone-60B05706-401C-4BC7-B427-DB7C07FADF21"}],"reposts_count":12,"comments_count":13,"attitudes_count":11,"mlevel":0,"visible":{"type":0,"list_id":0},"darwin_tags":[]},"reposts_count":0,"comments_count":0,"attitudes_count":0,"mlevel":0,"visible":{"type":0,"list_id":0},"darwin_tags":[]}],"marks":[],"hasvisible":false,"previous_cursor":0,"next_cursor":0,"total_number":1077,"interval":0}
2014-08-08 10:11:31,395 [INFO] happy365.weiboCrawel: Statuses count:1
2014-08-08 10:11:31,406 [INFO] happy365.weiboCrawel: weibo status's text is:Oh gosh //@CrazyJvm:OMG
2014-08-08 10:11:31,406 [INFO] happy365.views: Status to analysis:Oh gosh //@CrazyJvm:OMG
2014-08-08 10:11:31,406 [INFO] ContentProvider: Call test method
2014-08-08 10:11:31,406 [INFO] ContentProvider: joke length:24207
2014-08-08 10:11:32,984 [INFO] NLP: Text to parse is:Oh gosh //@CrazyJvm:OMG
2014-08-08 10:11:33,001 [INFO] NLP: word:Oh
2014-08-08 10:11:33,001 [INFO] NLP: word:gosh
2014-08-08 10:11:33,001 [INFO] NLP: word:CrazyJvm
2014-08-08 10:11:33,002 [INFO] NLP: word:OMG
2014-08-08 10:11:33,002 [INFO] emotion.middleware: emotion.middleware
2014-08-08 10:11:35,454 [INFO] happy365.views: Logging Feeds Info
2014-08-08 10:11:35,455 [INFO] happy365.views: Logging Request Filter Info
2014-08-08 10:11:35,455 [INFO] happy365.views: Session user id is:174.
2014-08-08 10:11:35,456 [INFO] happy365.views: Fetch token info success
2014-08-08 10:11:35,457 [INFO] happy365.views: validate user 174's token, exp date:2014-08-09-18:59,cur date:2014-08-08-02:11
2014-08-08 10:11:35,457 [INFO] happy365.views: Start to fetch user latest status
2014-08-08 10:11:35,458 [INFO] happy365.weiboCrawel: https://api.weibo.com/2/statuses/user_timeline.json?access_token=2.00_gGqzB0XcX3g9bdfdf15f1QaEapD&count=1&uid=1829908071
2014-08-08 10:11:35,672 [INFO] happy365.weiboCrawel: {"statuses":[{"created_at":"Thu Aug 07 23:40:00 +0800 2014","id":3741078152897317,"mid":"3741078152897317","idstr":"3741078152897317","text":"Oh gosh //@CrazyJvm:OMG","source":"<a href=\"http://app.weibo.com/t/feed/9ksdit\" rel=\"nofollow\">iPhone客户端</a>","favorited":false,"truncated":false,"in_reply_to_status_id":"","in_reply_to_user_id":"","in_reply_to_screen_name":"","pic_urls":[],"geo":null,"user":{"id":1829908071,"idstr":"1829908071","class":1,"screen_name":"上海滩Arthur","name":"上海滩Arthur","province":"31","city":"4","location":"上海 徐汇区","description":"修水管的","url":"","profile_image_url":"http://tp4.sinaimg.cn/1829908071/50/5693535074/1","cover_image_phone":"http://ww1.sinaimg.cn/crop.0.0.640.640.640/a1d3feabjw1ecat4uqw77j20hs0hsacp.jpg","profile_url":"zlarthur","domain":"zlarthur","weihao":"","gender":"m","followers_count":330,"friends_count":271,"statuses_count":1074,"favourites_count":24,"created_at":"Thu Oct 14 19:33:29 +0800 2010","following":false,"allow_all_act_msg":false,"geo_enabled":true,"verified":false,"verified_type":220,"remark":"","ptype":0,"allow_all_comment":true,"avatar_large":"http://tp4.sinaimg.cn/1829908071/180/5693535074/1","avatar_hd":"http://ww2.sinaimg.cn/crop.0.0.640.640.1024/6d122e67jw8eftywyzzwkj20hs0hsgoe.jpg","verified_reason":"","verified_trade":"","verified_reason_url":"","verified_source":"","verified_source_url":"","follow_me":false,"online_status":0,"bi_followers_count":157,"lang":"zh-cn","star":0,"mbtype":0,"mbrank":0,"block_word":0,"block_app":0},"pid":3741048461668360,"retweeted_status":{"created_at":"Thu Aug 07 21:30:04 +0800 2014","id":3741045458323183,"mid":"3741045458323183","idstr":"3741045458323183","text":"毛胚房和精装修的区别 。。。震惊了！","source":"<a href=\"http://app.weibo.com/t/feed/9ksdit\" rel=\"nofollow\">iPhone客户端</a>","favorited":false,"truncated":false,"in_reply_to_status_id":"","in_reply_to_user_id":"","in_reply_to_screen_name":"","pic_urls":[{"thumbnail_pic":"http://ww1.sinaimg.cn/thumbnail/799b7e64jw1ej4e8tnkgvj20hs0o077q.jpg"},{"thumbnail_pic":"http://ww4.sinaimg.cn/thumbnail/799b7e64jw1ej4e8w4um1j20hs0o0gos.jpg"}],"thumbnail_pic":"http://ww1.sinaimg.cn/thumbnail/799b7e64jw1ej4e8tnkgvj20hs0o077q.jpg","bmiddle_pic":"http://ww1.sinaimg.cn/bmiddle/799b7e64jw1ej4e8tnkgvj20hs0o077q.jpg","original_pic":"http://ww1.sinaimg.cn/large/799b7e64jw1ej4e8tnkgvj20hs0o077q.jpg","geo":null,"user":{"id":2040233572,"idstr":"2040233572","class":1,"screen_name":"serena_贝贝","name":"serena_贝贝","province":"400","city":"2","location":"海外 英国","description":"","url":"","profile_image_url":"http://tp1.sinaimg.cn/2040233572/50/5701175437/0","cover_image_phone":"http://ww4.sinaimg.cn/crop.0.0.0.640.640/6ce2240djw1e9uwtl4ig6j20hs0hsace.jpg","profile_url":"serenak","domain":"serenak","weihao":"","gender":"f","followers_count":22251,"friends_count":1453,"statuses_count":9987,"favourites_count":173,"created_at":"Sun Mar 27 03:35:12 +0800 2011","following":false,"allow_all_act_msg":false,"geo_enabled":true,"verified":true,"verified_type":0,"remark":"","ptype":0,"allow_all_comment":true,"avatar_large":"http://tp1.sinaimg.cn/2040233572/180/5701175437/0","avatar_hd":"http://ww2.sinaimg.cn/crop.0.0.640.640.1024/799b7e64jw8eio7cjw05pj20hs0hsq4j.jpg","verified_reason":"GrassGrowth投资有限公司副总裁","verified_trade":"","verified_reason_url":"","verified_source":"","verified_source_url":"","follow_me":false,"online_status":0,"bi_followers_count":1111,"lang":"zh-cn","star":0,"mbtype":2,"mbrank":4,"block_word":0,"block_app":0},"annotations":[{"client_mblogid":"iPhone-60B05706-401C-4BC7-B427-DB7C07FADF21"}],"reposts_count":12,"comments_count":13,"attitudes_count":11,"mlevel":0,"visible":{"type":0,"list_id":0},"darwin_tags":[]},"reposts_count":0,"comments_count":0,"attitudes_count":0,"mlevel":0,"visible":{"type":0,"list_id":0},"darwin_tags":[]}],"marks":[],"hasvisible":false,"previous_cursor":0,"next_cursor":0,"total_number":1090,"interval":0}
2014-08-08 10:11:35,672 [INFO] happy365.weiboCrawel: Statuses count:1
2014-08-08 10:11:35,713 [ERROR] happy365.weiboCrawel: (1062, "Duplicate entry '3741078152897317' for key 'sid'")
2014-08-08 10:11:35,713 [INFO] happy365.weiboCrawel: weibo status's text is:Oh gosh //@CrazyJvm:OMG
2014-08-08 10:11:35,714 [INFO] happy365.views: Status to analysis:Oh gosh //@CrazyJvm:OMG
2014-08-08 10:11:35,714 [INFO] ContentProvider: Call test method
2014-08-08 10:11:35,714 [INFO] ContentProvider: joke length:24207
2014-08-08 10:11:35,748 [INFO] NLP: Text to parse is:Oh gosh //@CrazyJvm:OMG
2014-08-08 10:11:35,749 [INFO] NLP: word:Oh
2014-08-08 10:11:35,749 [INFO] NLP: word:gosh
2014-08-08 10:11:35,750 [INFO] NLP: word:CrazyJvm
2014-08-08 10:11:35,750 [INFO] NLP: word:OMG
2014-08-08 10:11:35,750 [INFO] emotion.middleware: emotion.middleware
2014-08-08 10:11:36,791 [INFO] happy365.views: Logging Feeds Info
2014-08-08 10:11:36,791 [INFO] happy365.views: Logging Request Filter Info
2014-08-08 10:11:36,792 [INFO] happy365.views: Session user id is:174.
2014-08-08 10:11:36,793 [INFO] happy365.views: Fetch token info success
2014-08-08 10:11:36,794 [INFO] happy365.views: validate user 174's token, exp date:2014-08-09-18:59,cur date:2014-08-08-02:11
2014-08-08 10:11:36,794 [INFO] happy365.views: Start to fetch user latest status
2014-08-08 10:11:36,794 [INFO] happy365.weiboCrawel: https://api.weibo.com/2/statuses/user_timeline.json?access_token=2.00_gGqzB0XcX3g9bdfdf15f1QaEapD&count=1&uid=1829908071
2014-08-08 10:11:37,065 [INFO] happy365.weiboCrawel: {"statuses":[{"created_at":"Thu Aug 07 23:40:00 +0800 2014","id":3741078152897317,"mid":"3741078152897317","idstr":"3741078152897317","text":"Oh gosh //@CrazyJvm:OMG","source":"<a href=\"http://app.weibo.com/t/feed/9ksdit\" rel=\"nofollow\">iPhone客户端</a>","favorited":false,"truncated":false,"in_reply_to_status_id":"","in_reply_to_user_id":"","in_reply_to_screen_name":"","pic_urls":[],"geo":null,"user":{"id":1829908071,"idstr":"1829908071","class":1,"screen_name":"上海滩Arthur","name":"上海滩Arthur","province":"31","city":"4","location":"上海 徐汇区","description":"修水管的","url":"","profile_image_url":"http://tp4.sinaimg.cn/1829908071/50/5693535074/1","cover_image_phone":"http://ww1.sinaimg.cn/crop.0.0.640.640.640/a1d3feabjw1ecat4uqw77j20hs0hsacp.jpg","profile_url":"zlarthur","domain":"zlarthur","weihao":"","gender":"m","followers_count":330,"friends_count":271,"statuses_count":1074,"favourites_count":24,"created_at":"Thu Oct 14 19:33:29 +0800 2010","following":false,"allow_all_act_msg":false,"geo_enabled":true,"verified":false,"verified_type":220,"remark":"","ptype":0,"allow_all_comment":true,"avatar_large":"http://tp4.sinaimg.cn/1829908071/180/5693535074/1","avatar_hd":"http://ww2.sinaimg.cn/crop.0.0.640.640.1024/6d122e67jw8eftywyzzwkj20hs0hsgoe.jpg","verified_reason":"","verified_trade":"","verified_reason_url":"","verified_source":"","verified_source_url":"","follow_me":false,"online_status":0,"bi_followers_count":157,"lang":"zh-cn","star":0,"mbtype":0,"mbrank":0,"block_word":0,"block_app":0},"pid":3741048461668360,"retweeted_status":{"created_at":"Thu Aug 07 21:30:04 +0800 2014","id":3741045458323183,"mid":"3741045458323183","idstr":"3741045458323183","text":"毛胚房和精装修的区别 。。。震惊了！","source":"<a href=\"http://app.weibo.com/t/feed/9ksdit\" rel=\"nofollow\">iPhone客户端</a>","favorited":false,"truncated":false,"in_reply_to_status_id":"","in_reply_to_user_id":"","in_reply_to_screen_name":"","pic_urls":[{"thumbnail_pic":"http://ww1.sinaimg.cn/thumbnail/799b7e64jw1ej4e8tnkgvj20hs0o077q.jpg"},{"thumbnail_pic":"http://ww4.sinaimg.cn/thumbnail/799b7e64jw1ej4e8w4um1j20hs0o0gos.jpg"}],"thumbnail_pic":"http://ww1.sinaimg.cn/thumbnail/799b7e64jw1ej4e8tnkgvj20hs0o077q.jpg","bmiddle_pic":"http://ww1.sinaimg.cn/bmiddle/799b7e64jw1ej4e8tnkgvj20hs0o077q.jpg","original_pic":"http://ww1.sinaimg.cn/large/799b7e64jw1ej4e8tnkgvj20hs0o077q.jpg","geo":null,"user":{"id":2040233572,"idstr":"2040233572","class":1,"screen_name":"serena_贝贝","name":"serena_贝贝","province":"400","city":"2","location":"海外 英国","description":"","url":"","profile_image_url":"http://tp1.sinaimg.cn/2040233572/50/5701175437/0","cover_image_phone":"http://ww4.sinaimg.cn/crop.0.0.0.640.640/6ce2240djw1e9uwtl4ig6j20hs0hsace.jpg","profile_url":"serenak","domain":"serenak","weihao":"","gender":"f","followers_count":22251,"friends_count":1453,"statuses_count":9987,"favourites_count":173,"created_at":"Sun Mar 27 03:35:12 +0800 2011","following":false,"allow_all_act_msg":false,"geo_enabled":true,"verified":true,"verified_type":0,"remark":"","ptype":0,"allow_all_comment":true,"avatar_large":"http://tp1.sinaimg.cn/2040233572/180/5701175437/0","avatar_hd":"http://ww2.sinaimg.cn/crop.0.0.640.640.1024/799b7e64jw8eio7cjw05pj20hs0hsq4j.jpg","verified_reason":"GrassGrowth投资有限公司副总裁","verified_trade":"","verified_reason_url":"","verified_source":"","verified_source_url":"","follow_me":false,"online_status":0,"bi_followers_count":1111,"lang":"zh-cn","star":0,"mbtype":2,"mbrank":4,"block_word":0,"block_app":0},"annotations":[{"client_mblogid":"iPhone-60B05706-401C-4BC7-B427-DB7C07FADF21"}],"reposts_count":12,"comments_count":13,"attitudes_count":11,"mlevel":0,"visible":{"type":0,"list_id":0},"darwin_tags":[]},"reposts_count":0,"comments_count":0,"attitudes_count":0,"mlevel":0,"visible":{"type":0,"list_id":0},"darwin_tags":[]}],"marks":[],"hasvisible":false,"previous_cursor":0,"next_cursor":0,"total_number":1090,"interval":0}
2014-08-08 10:11:37,065 [INFO] happy365.weiboCrawel: Statuses count:1
2014-08-08 10:11:37,076 [ERROR] happy365.weiboCrawel: (1062, "Duplicate entry '3741078152897317' for key 'sid'")
2014-08-08 10:11:37,076 [INFO] happy365.weiboCrawel: weibo status's text is:Oh gosh //@CrazyJvm:OMG
2014-08-08 10:11:37,076 [INFO] happy365.views: Status to analysis:Oh gosh //@CrazyJvm:OMG
2014-08-08 10:11:37,076 [INFO] ContentProvider: Call test method
2014-08-08 10:11:37,076 [INFO] ContentProvider: joke length:24207
2014-08-08 10:11:37,110 [INFO] NLP: Text to parse is:Oh gosh //@CrazyJvm:OMG
2014-08-08 10:11:37,111 [INFO] NLP: word:Oh
2014-08-08 10:11:37,112 [INFO] NLP: word:gosh
2014-08-08 10:11:37,112 [INFO] NLP: word:CrazyJvm
2014-08-08 10:11:37,112 [INFO] NLP: word:OMG
2014-08-08 10:11:37,113 [INFO] emotion.middleware: emotion.middleware
2014-08-08 10:11:37,932 [INFO] happy365.views: Logging Feeds Info
2014-08-08 10:11:37,932 [INFO] happy365.views: Logging Request Filter Info
2014-08-08 10:11:37,932 [INFO] happy365.views: Session user id is:174.
2014-08-08 10:11:37,934 [INFO] happy365.views: Fetch token info success
2014-08-08 10:11:37,935 [INFO] happy365.views: validate user 174's token, exp date:2014-08-09-18:59,cur date:2014-08-08-02:11
2014-08-08 10:11:37,935 [INFO] happy365.views: Start to fetch user latest status
2014-08-08 10:11:37,935 [INFO] happy365.weiboCrawel: https://api.weibo.com/2/statuses/user_timeline.json?access_token=2.00_gGqzB0XcX3g9bdfdf15f1QaEapD&count=1&uid=1829908071
2014-08-08 10:11:38,162 [INFO] happy365.weiboCrawel: {"statuses":[{"created_at":"Thu Aug 07 23:40:00 +0800 2014","id":3741078152897317,"mid":"3741078152897317","idstr":"3741078152897317","text":"Oh gosh //@CrazyJvm:OMG","source":"<a href=\"http://app.weibo.com/t/feed/9ksdit\" rel=\"nofollow\">iPhone客户端</a>","favorited":false,"truncated":false,"in_reply_to_status_id":"","in_reply_to_user_id":"","in_reply_to_screen_name":"","pic_urls":[],"geo":null,"user":{"id":1829908071,"idstr":"1829908071","class":1,"screen_name":"上海滩Arthur","name":"上海滩Arthur","province":"31","city":"4","location":"上海 徐汇区","description":"修水管的","url":"","profile_image_url":"http://tp4.sinaimg.cn/1829908071/50/5693535074/1","cover_image_phone":"http://ww1.sinaimg.cn/crop.0.0.640.640.640/a1d3feabjw1ecat4uqw77j20hs0hsacp.jpg","profile_url":"zlarthur","domain":"zlarthur","weihao":"","gender":"m","followers_count":330,"friends_count":271,"statuses_count":1074,"favourites_count":24,"created_at":"Thu Oct 14 19:33:29 +0800 2010","following":false,"allow_all_act_msg":false,"geo_enabled":true,"verified":false,"verified_type":220,"remark":"","ptype":0,"allow_all_comment":true,"avatar_large":"http://tp4.sinaimg.cn/1829908071/180/5693535074/1","avatar_hd":"http://ww2.sinaimg.cn/crop.0.0.640.640.1024/6d122e67jw8eftywyzzwkj20hs0hsgoe.jpg","verified_reason":"","verified_trade":"","verified_reason_url":"","verified_source":"","verified_source_url":"","follow_me":false,"online_status":0,"bi_followers_count":157,"lang":"zh-cn","star":0,"mbtype":0,"mbrank":0,"block_word":0,"block_app":0},"pid":3741048461668360,"retweeted_status":{"created_at":"Thu Aug 07 21:30:04 +0800 2014","id":3741045458323183,"mid":"3741045458323183","idstr":"3741045458323183","text":"毛胚房和精装修的区别 。。。震惊了！","source":"<a href=\"http://app.weibo.com/t/feed/9ksdit\" rel=\"nofollow\">iPhone客户端</a>","favorited":false,"truncated":false,"in_reply_to_status_id":"","in_reply_to_user_id":"","in_reply_to_screen_name":"","pic_urls":[{"thumbnail_pic":"http://ww1.sinaimg.cn/thumbnail/799b7e64jw1ej4e8tnkgvj20hs0o077q.jpg"},{"thumbnail_pic":"http://ww4.sinaimg.cn/thumbnail/799b7e64jw1ej4e8w4um1j20hs0o0gos.jpg"}],"thumbnail_pic":"http://ww1.sinaimg.cn/thumbnail/799b7e64jw1ej4e8tnkgvj20hs0o077q.jpg","bmiddle_pic":"http://ww1.sinaimg.cn/bmiddle/799b7e64jw1ej4e8tnkgvj20hs0o077q.jpg","original_pic":"http://ww1.sinaimg.cn/large/799b7e64jw1ej4e8tnkgvj20hs0o077q.jpg","geo":null,"user":{"id":2040233572,"idstr":"2040233572","class":1,"screen_name":"serena_贝贝","name":"serena_贝贝","province":"400","city":"2","location":"海外 英国","description":"","url":"","profile_image_url":"http://tp1.sinaimg.cn/2040233572/50/5701175437/0","cover_image_phone":"http://ww4.sinaimg.cn/crop.0.0.0.640.640/6ce2240djw1e9uwtl4ig6j20hs0hsace.jpg","profile_url":"serenak","domain":"serenak","weihao":"","gender":"f","followers_count":22251,"friends_count":1453,"statuses_count":9987,"favourites_count":173,"created_at":"Sun Mar 27 03:35:12 +0800 2011","following":false,"allow_all_act_msg":false,"geo_enabled":true,"verified":true,"verified_type":0,"remark":"","ptype":0,"allow_all_comment":true,"avatar_large":"http://tp1.sinaimg.cn/2040233572/180/5701175437/0","avatar_hd":"http://ww2.sinaimg.cn/crop.0.0.640.640.1024/799b7e64jw8eio7cjw05pj20hs0hsq4j.jpg","verified_reason":"GrassGrowth投资有限公司副总裁","verified_trade":"","verified_reason_url":"","verified_source":"","verified_source_url":"","follow_me":false,"online_status":0,"bi_followers_count":1111,"lang":"zh-cn","star":0,"mbtype":2,"mbrank":4,"block_word":0,"block_app":0},"annotations":[{"client_mblogid":"iPhone-60B05706-401C-4BC7-B427-DB7C07FADF21"}],"reposts_count":12,"comments_count":13,"attitudes_count":11,"mlevel":0,"visible":{"type":0,"list_id":0},"darwin_tags":[]},"reposts_count":0,"comments_count":0,"attitudes_count":0,"mlevel":0,"visible":{"type":0,"list_id":0},"darwin_tags":[]}],"marks":[],"hasvisible":false,"previous_cursor":0,"next_cursor":0,"total_number":1090,"interval":0}
2014-08-08 10:11:38,163 [INFO] happy365.weiboCrawel: Statuses count:1
2014-08-08 10:11:38,172 [ERROR] happy365.weiboCrawel: (1062, "Duplicate entry '3741078152897317' for key 'sid'")
2014-08-08 10:11:38,172 [INFO] happy365.weiboCrawel: weibo status's text is:Oh gosh //@CrazyJvm:OMG
2014-08-08 10:11:38,173 [INFO] happy365.views: Status to analysis:Oh gosh //@CrazyJvm:OMG
2014-08-08 10:11:38,173 [INFO] ContentProvider: Call test method
2014-08-08 10:11:38,173 [INFO] ContentProvider: joke length:24207
2014-08-08 10:11:38,207 [INFO] NLP: Text to parse is:Oh gosh //@CrazyJvm:OMG
2014-08-08 10:11:38,209 [INFO] NLP: word:Oh
2014-08-08 10:11:38,209 [INFO] NLP: word:gosh
2014-08-08 10:11:38,209 [INFO] NLP: word:CrazyJvm
2014-08-08 10:11:38,209 [INFO] NLP: word:OMG
2014-08-08 10:11:38,210 [INFO] emotion.middleware: emotion.middleware
2014-08-08 10:11:39,317 [INFO] happy365.views: Logging Feeds Info
2014-08-08 10:11:39,317 [INFO] happy365.views: Logging Request Filter Info
2014-08-08 10:11:39,317 [INFO] happy365.views: Session user id is:174.
2014-08-08 10:11:39,318 [INFO] happy365.views: Fetch token info success
2014-08-08 10:11:39,320 [INFO] happy365.views: validate user 174's token, exp date:2014-08-09-18:59,cur date:2014-08-08-02:11
2014-08-08 10:11:39,320 [INFO] happy365.views: Start to fetch user latest status
2014-08-08 10:11:39,320 [INFO] happy365.weiboCrawel: https://api.weibo.com/2/statuses/user_timeline.json?access_token=2.00_gGqzB0XcX3g9bdfdf15f1QaEapD&count=1&uid=1829908071
2014-08-08 10:11:39,689 [INFO] happy365.weiboCrawel: {"statuses":[{"created_at":"Thu Aug 07 23:40:00 +0800 2014","id":3741078152897317,"mid":"3741078152897317","idstr":"3741078152897317","text":"Oh gosh //@CrazyJvm:OMG","source":"<a href=\"http://app.weibo.com/t/feed/9ksdit\" rel=\"nofollow\">iPhone客户端</a>","favorited":false,"truncated":false,"in_reply_to_status_id":"","in_reply_to_user_id":"","in_reply_to_screen_name":"","pic_urls":[],"geo":null,"user":{"id":1829908071,"idstr":"1829908071","class":1,"screen_name":"上海滩Arthur","name":"上海滩Arthur","province":"31","city":"4","location":"上海 徐汇区","description":"修水管的","url":"","profile_image_url":"http://tp4.sinaimg.cn/1829908071/50/5693535074/1","cover_image_phone":"http://ww1.sinaimg.cn/crop.0.0.640.640.640/a1d3feabjw1ecat4uqw77j20hs0hsacp.jpg","profile_url":"zlarthur","domain":"zlarthur","weihao":"","gender":"m","followers_count":330,"friends_count":271,"statuses_count":1074,"favourites_count":24,"created_at":"Thu Oct 14 19:33:29 +0800 2010","following":false,"allow_all_act_msg":false,"geo_enabled":true,"verified":false,"verified_type":220,"remark":"","ptype":0,"allow_all_comment":true,"avatar_large":"http://tp4.sinaimg.cn/1829908071/180/5693535074/1","avatar_hd":"http://ww2.sinaimg.cn/crop.0.0.640.640.1024/6d122e67jw8eftywyzzwkj20hs0hsgoe.jpg","verified_reason":"","verified_trade":"","verified_reason_url":"","verified_source":"","verified_source_url":"","follow_me":false,"online_status":0,"bi_followers_count":157,"lang":"zh-cn","star":0,"mbtype":0,"mbrank":0,"block_word":0,"block_app":0},"pid":3741048461668360,"retweeted_status":{"created_at":"Thu Aug 07 21:30:04 +0800 2014","id":3741045458323183,"mid":"3741045458323183","idstr":"3741045458323183","text":"毛胚房和精装修的区别 。。。震惊了！","source":"<a href=\"http://app.weibo.com/t/feed/9ksdit\" rel=\"nofollow\">iPhone客户端</a>","favorited":false,"truncated":false,"in_reply_to_status_id":"","in_reply_to_user_id":"","in_reply_to_screen_name":"","pic_urls":[{"thumbnail_pic":"http://ww1.sinaimg.cn/thumbnail/799b7e64jw1ej4e8tnkgvj20hs0o077q.jpg"},{"thumbnail_pic":"http://ww4.sinaimg.cn/thumbnail/799b7e64jw1ej4e8w4um1j20hs0o0gos.jpg"}],"thumbnail_pic":"http://ww1.sinaimg.cn/thumbnail/799b7e64jw1ej4e8tnkgvj20hs0o077q.jpg","bmiddle_pic":"http://ww1.sinaimg.cn/bmiddle/799b7e64jw1ej4e8tnkgvj20hs0o077q.jpg","original_pic":"http://ww1.sinaimg.cn/large/799b7e64jw1ej4e8tnkgvj20hs0o077q.jpg","geo":null,"user":{"id":2040233572,"idstr":"2040233572","class":1,"screen_name":"serena_贝贝","name":"serena_贝贝","province":"400","city":"2","location":"海外 英国","description":"","url":"","profile_image_url":"http://tp1.sinaimg.cn/2040233572/50/5701175437/0","cover_image_phone":"http://ww4.sinaimg.cn/crop.0.0.0.640.640/6ce2240djw1e9uwtl4ig6j20hs0hsace.jpg","profile_url":"serenak","domain":"serenak","weihao":"","gender":"f","followers_count":22251,"friends_count":1453,"statuses_count":9987,"favourites_count":173,"created_at":"Sun Mar 27 03:35:12 +0800 2011","following":false,"allow_all_act_msg":false,"geo_enabled":true,"verified":true,"verified_type":0,"remark":"","ptype":0,"allow_all_comment":true,"avatar_large":"http://tp1.sinaimg.cn/2040233572/180/5701175437/0","avatar_hd":"http://ww2.sinaimg.cn/crop.0.0.640.640.1024/799b7e64jw8eio7cjw05pj20hs0hsq4j.jpg","verified_reason":"GrassGrowth投资有限公司副总裁","verified_trade":"","verified_reason_url":"","verified_source":"","verified_source_url":"","follow_me":false,"online_status":0,"bi_followers_count":1111,"lang":"zh-cn","star":0,"mbtype":2,"mbrank":4,"block_word":0,"block_app":0},"annotations":[{"client_mblogid":"iPhone-60B05706-401C-4BC7-B427-DB7C07FADF21"}],"reposts_count":12,"comments_count":13,"attitudes_count":11,"mlevel":0,"visible":{"type":0,"list_id":0},"darwin_tags":[]},"reposts_count":0,"comments_count":0,"attitudes_count":0,"mlevel":0,"visible":{"type":0,"list_id":0},"darwin_tags":[]}],"marks":[],"hasvisible":false,"previous_cursor":0,"next_cursor":0,"total_number":1077,"interval":0}
2014-08-08 10:11:39,690 [INFO] happy365.weiboCrawel: Statuses count:1
2014-08-08 10:11:39,704 [ERROR] happy365.weiboCrawel: (1062, "Duplicate entry '3741078152897317' for key 'sid'")
2014-08-08 10:11:39,705 [INFO] happy365.weiboCrawel: weibo status's text is:Oh gosh //@CrazyJvm:OMG
2014-08-08 10:11:39,705 [INFO] happy365.views: Status to analysis:Oh gosh //@CrazyJvm:OMG
2014-08-08 10:11:39,705 [INFO] ContentProvider: Call test method
2014-08-08 10:11:39,705 [INFO] ContentProvider: joke length:24207
2014-08-08 10:11:39,739 [INFO] NLP: Text to parse is:Oh gosh //@CrazyJvm:OMG
2014-08-08 10:11:39,741 [INFO] NLP: word:Oh
2014-08-08 10:11:39,741 [INFO] NLP: word:gosh
2014-08-08 10:11:39,741 [INFO] NLP: word:CrazyJvm
2014-08-08 10:11:39,741 [INFO] NLP: word:OMG
2014-08-08 10:11:39,742 [INFO] emotion.middleware: emotion.middleware
2014-08-08 10:12:09,702 [INFO] happy365.views: Verify session validation.
2014-08-08 10:12:09,703 [INFO] emotion.middleware: emotion.middleware
2014-08-08 10:12:23,540 [INFO] happy365.views: logging Login View info...
2014-08-08 10:12:23,540 [INFO] happy365.views: Session user is:None
2014-08-08 10:12:23,541 [INFO] happy365.views: {'csrftoken': 'YBXP0cc8gUGj7auIiAUDgDbtazt5UI1Z'}
2014-08-08 10:12:23,660 [INFO] emotion.middleware: emotion.middleware
2014-08-08 10:12:23,660 [INFO] emotion.middleware: J0ebuk5vRe0MvUPV0FAFRqaLWH8UBKHB
2014-08-08 10:12:24,292 [INFO] emotion.middleware: emotion.middleware
2014-08-08 10:12:45,964 [INFO] happy365.views: logging OAuthTokenView info.
2014-08-08 10:12:45,964 [INFO] happy365.views: {'csrftoken': 'J0ebuk5vRe0MvUPV0FAFRqaLWH8UBKHB', 'sessionid': 'oor2zfdw18vgyte3qit3euc6btm4q5cg'}
2014-08-08 10:12:45,964 [INFO] happy365.views: {u'access_token': u'2.00Ekgi8D0XcX3g5de34e9ab90Jc7gE', u'remind_in': u'157679999', u'expires_in': u'157679999', u'uid': u'3158010304'}
2014-08-08 10:12:45,965 [INFO] happy365.views: session user id:163
2014-08-08 10:12:45,977 [INFO] emotion.middleware: emotion.middleware
2014-08-08 10:12:45,977 [INFO] emotion.middleware: J0ebuk5vRe0MvUPV0FAFRqaLWH8UBKHB
2014-08-08 10:12:46,514 [INFO] happy365.views: Logging Feeds Info
2014-08-08 10:12:46,514 [INFO] happy365.views: Logging Request Filter Info
2014-08-08 10:12:46,514 [INFO] happy365.views: Session user id is:163.
2014-08-08 10:12:46,515 [INFO] happy365.views: Fetch token info success
2014-08-08 10:12:46,517 [INFO] happy365.views: validate user 163's token, exp date:2019-08-07-02:12,cur date:2014-08-08-02:12
2014-08-08 10:12:46,517 [INFO] happy365.views: Start to fetch user latest status
2014-08-08 10:12:46,517 [INFO] happy365.weiboCrawel: https://api.weibo.com/2/statuses/user_timeline.json?access_token=2.00Ekgi8D0XcX3g5de34e9ab90Jc7gE&count=1&uid=3158010304
2014-08-08 10:12:46,810 [INFO] happy365.weiboCrawel: {"statuses":[{"created_at":"Tue Aug 05 12:59:55 +0800 2014","id":3740192294423957,"mid":"3740192294423957","idstr":"3740192294423957","text":"开心","source":"<a href=\"http://weibo.com/\" rel=\"nofollow\">微博 weibo.com</a>","favorited":false,"truncated":false,"in_reply_to_status_id":"","in_reply_to_user_id":"","in_reply_to_screen_name":"","pic_urls":[],"geo":null,"user":{"id":3158010304,"idstr":"3158010304","class":1,"screen_name":"emilywhou","name":"emilywhou","province":"31","city":"15","location":"上海 浦东新区","description":"喜欢做甜点、数学、粉色、小动物的工程书呆子","url":"","profile_image_url":"http://tp1.sinaimg.cn/3158010304/50/40059595965/0","profile_url":"u/3158010304","domain":"","weihao":"","gender":"f","followers_count":6,"friends_count":5,"statuses_count":8,"favourites_count":0,"created_at":"Sun Jan 20 18:16:16 +0800 2013","following":false,"allow_all_act_msg":false,"geo_enabled":true,"verified":false,"verified_type":-1,"remark":"","ptype":0,"allow_all_comment":true,"avatar_large":"http://tp1.sinaimg.cn/3158010304/180/40059595965/0","avatar_hd":"http://ww2.sinaimg.cn/crop.0.0.249.249.1024/bc3b69c0gw1ei6kj6vp0cj206y06yt9e.jpg","verified_reason":"","verified_trade":"","verified_reason_url":"","verified_source":"","verified_source_url":"","follow_me":false,"online_status":0,"bi_followers_count":3,"lang":"en","star":0,"mbtype":0,"mbrank":0,"block_word":0,"block_app":0},"reposts_count":0,"comments_count":0,"attitudes_count":0,"mlevel":0,"visible":{"type":0,"list_id":0},"darwin_tags":[]}],"marks":[],"hasvisible":false,"previous_cursor":0,"next_cursor":0,"total_number":8,"interval":0}
2014-08-08 10:12:46,810 [INFO] happy365.weiboCrawel: Statuses count:1
2014-08-08 10:12:46,818 [ERROR] happy365.weiboCrawel: (1062, "Duplicate entry '3740192294423957' for key 'sid'")
2014-08-08 10:12:46,818 [INFO] happy365.weiboCrawel: weibo status's text is:开心
2014-08-08 10:12:46,819 [INFO] happy365.views: Status to analysis:开心
2014-08-08 10:12:46,819 [INFO] ContentProvider: Call test method
2014-08-08 10:12:46,819 [INFO] ContentProvider: joke length:24207
2014-08-08 10:12:46,854 [INFO] NLP: Text to parse is:开心
2014-08-08 10:12:46,855 [INFO] NLP: word:开心
2014-08-08 10:12:46,856 [INFO] NLP: sent.:开心,word:开心,sIdx:0,eIcx:0,score:1
2014-08-08 10:12:46,857 [INFO] emotion.middleware: emotion.middleware
2014-08-08 10:13:53,575 [INFO] happy365.views: Logging Feeds Info
2014-08-08 10:13:53,576 [INFO] happy365.views: Logging Request Filter Info
2014-08-08 10:13:53,576 [INFO] happy365.views: Session user id is:163.
2014-08-08 10:13:53,577 [INFO] happy365.views: Fetch token info success
2014-08-08 10:13:53,578 [INFO] happy365.views: validate user 163's token, exp date:2019-08-07-02:12,cur date:2014-08-08-02:13
2014-08-08 10:13:53,578 [INFO] happy365.views: Start to fetch user latest status
2014-08-08 10:13:53,578 [INFO] happy365.weiboCrawel: https://api.weibo.com/2/statuses/user_timeline.json?access_token=2.00Ekgi8D0XcX3g5de34e9ab90Jc7gE&count=1&uid=3158010304
2014-08-08 10:13:53,769 [INFO] happy365.weiboCrawel: {"statuses":[{"created_at":"Fri Aug 08 10:13:44 +0800 2014","id":3741237636896402,"mid":"3741237636896402","idstr":"3741237636896402","text":"伤心","source":"<a href=\"http://weibo.com/\" rel=\"nofollow\">微博 weibo.com</a>","favorited":false,"truncated":false,"in_reply_to_status_id":"","in_reply_to_user_id":"","in_reply_to_screen_name":"","pic_urls":[],"geo":null,"user":{"id":3158010304,"idstr":"3158010304","class":1,"screen_name":"emilywhou","name":"emilywhou","province":"31","city":"15","location":"上海 浦东新区","description":"喜欢做甜点、数学、粉色、小动物的工程书呆子","url":"","profile_image_url":"http://tp1.sinaimg.cn/3158010304/50/40059595965/0","profile_url":"u/3158010304","domain":"","weihao":"","gender":"f","followers_count":6,"friends_count":5,"statuses_count":9,"favourites_count":0,"created_at":"Sun Jan 20 18:16:16 +0800 2013","following":false,"allow_all_act_msg":false,"geo_enabled":true,"verified":false,"verified_type":-1,"remark":"","ptype":0,"allow_all_comment":true,"avatar_large":"http://tp1.sinaimg.cn/3158010304/180/40059595965/0","avatar_hd":"http://ww2.sinaimg.cn/crop.0.0.249.249.1024/bc3b69c0gw1ei6kj6vp0cj206y06yt9e.jpg","verified_reason":"","verified_trade":"","verified_reason_url":"","verified_source":"","verified_source_url":"","follow_me":false,"online_status":1,"bi_followers_count":3,"lang":"en","star":0,"mbtype":0,"mbrank":0,"block_word":0,"block_app":0},"reposts_count":0,"comments_count":0,"attitudes_count":0,"mlevel":0,"visible":{"type":0,"list_id":0},"darwin_tags":[]}],"marks":[],"hasvisible":false,"previous_cursor":0,"next_cursor":0,"total_number":9,"interval":0}
2014-08-08 10:13:53,769 [INFO] happy365.weiboCrawel: Statuses count:1
2014-08-08 10:13:53,780 [INFO] happy365.weiboCrawel: weibo status's text is:伤心
2014-08-08 10:13:53,780 [INFO] happy365.views: Status to analysis:伤心
2014-08-08 10:13:53,780 [INFO] ContentProvider: Call test method
2014-08-08 10:13:53,780 [INFO] ContentProvider: joke length:24207
2014-08-08 10:13:53,815 [INFO] NLP: Text to parse is:伤心
2014-08-08 10:13:53,815 [INFO] NLP: word:伤心
2014-08-08 10:13:53,816 [INFO] NLP: sent.:伤心,word:伤心,sIdx:0,eIcx:0,score:-5
2014-08-08 10:13:53,816 [INFO] emotion.middleware: emotion.middleware
2014-08-08 10:14:22,232 [INFO] happy365.views: Logging Feeds Info
2014-08-08 10:14:22,232 [INFO] happy365.views: Logging Request Filter Info
2014-08-08 10:14:22,232 [INFO] happy365.views: Session user id is:163.
2014-08-08 10:14:22,233 [INFO] happy365.views: Fetch token info success
2014-08-08 10:14:22,235 [INFO] happy365.views: validate user 163's token, exp date:2019-08-07-02:12,cur date:2014-08-08-02:14
2014-08-08 10:14:22,235 [INFO] happy365.views: Start to fetch user latest status
2014-08-08 10:14:22,235 [INFO] happy365.weiboCrawel: https://api.weibo.com/2/statuses/user_timeline.json?access_token=2.00Ekgi8D0XcX3g5de34e9ab90Jc7gE&count=1&uid=3158010304
2014-08-08 10:14:22,456 [INFO] happy365.weiboCrawel: {"statuses":[{"created_at":"Fri Aug 08 10:13:44 +0800 2014","id":3741237636896402,"mid":"3741237636896402","idstr":"3741237636896402","text":"伤心","source":"<a href=\"http://weibo.com/\" rel=\"nofollow\">微博 weibo.com</a>","favorited":false,"truncated":false,"in_reply_to_status_id":"","in_reply_to_user_id":"","in_reply_to_screen_name":"","pic_urls":[],"geo":null,"user":{"id":3158010304,"idstr":"3158010304","class":1,"screen_name":"emilywhou","name":"emilywhou","province":"31","city":"15","location":"上海 浦东新区","description":"喜欢做甜点、数学、粉色、小动物的工程书呆子","url":"","profile_image_url":"http://tp1.sinaimg.cn/3158010304/50/40059595965/0","profile_url":"u/3158010304","domain":"","weihao":"","gender":"f","followers_count":6,"friends_count":5,"statuses_count":9,"favourites_count":0,"created_at":"Sun Jan 20 18:16:16 +0800 2013","following":false,"allow_all_act_msg":false,"geo_enabled":true,"verified":false,"verified_type":-1,"remark":"","ptype":0,"allow_all_comment":true,"avatar_large":"http://tp1.sinaimg.cn/3158010304/180/40059595965/0","avatar_hd":"http://ww2.sinaimg.cn/crop.0.0.249.249.1024/bc3b69c0gw1ei6kj6vp0cj206y06yt9e.jpg","verified_reason":"","verified_trade":"","verified_reason_url":"","verified_source":"","verified_source_url":"","follow_me":false,"online_status":1,"bi_followers_count":3,"lang":"en","star":0,"mbtype":0,"mbrank":0,"block_word":0,"block_app":0},"reposts_count":0,"comments_count":0,"attitudes_count":0,"mlevel":0,"visible":{"type":0,"list_id":0},"darwin_tags":[]}],"marks":[],"hasvisible":false,"previous_cursor":0,"next_cursor":0,"total_number":9,"interval":0}
2014-08-08 10:14:22,456 [INFO] happy365.weiboCrawel: Statuses count:1
2014-08-08 10:14:22,465 [ERROR] happy365.weiboCrawel: (1062, "Duplicate entry '3741237636896402' for key 'sid'")
2014-08-08 10:14:22,465 [INFO] happy365.weiboCrawel: weibo status's text is:伤心
2014-08-08 10:14:22,465 [INFO] happy365.views: Status to analysis:伤心
2014-08-08 10:14:22,465 [INFO] ContentProvider: Call test method
2014-08-08 10:14:22,465 [INFO] ContentProvider: joke length:24207
2014-08-08 10:14:22,499 [INFO] NLP: Text to parse is:伤心
2014-08-08 10:14:22,500 [INFO] NLP: word:伤心
2014-08-08 10:14:22,500 [INFO] NLP: sent.:伤心,word:伤心,sIdx:0,eIcx:0,score:-5
2014-08-08 10:14:22,501 [INFO] emotion.middleware: emotion.middleware
2014-08-08 10:17:22,735 [INFO] happy365.views: Logging Feeds Info
2014-08-08 10:17:22,735 [INFO] happy365.views: Logging Request Filter Info
2014-08-08 10:17:22,735 [INFO] happy365.views: Session user id is:174.
2014-08-08 10:17:22,736 [INFO] happy365.views: Fetch token info success
2014-08-08 10:17:22,737 [INFO] happy365.views: validate user 174's token, exp date:2014-08-09-18:59,cur date:2014-08-08-02:17
2014-08-08 10:17:22,737 [INFO] happy365.views: Start to fetch user latest status
2014-08-08 10:17:22,738 [INFO] happy365.weiboCrawel: https://api.weibo.com/2/statuses/user_timeline.json?access_token=2.00_gGqzB0XcX3g9bdfdf15f1QaEapD&count=1&uid=1829908071
2014-08-08 10:17:22,934 [INFO] happy365.weiboCrawel: {"statuses":[{"created_at":"Thu Aug 07 23:40:00 +0800 2014","id":3741078152897317,"mid":"3741078152897317","idstr":"3741078152897317","text":"Oh gosh //@CrazyJvm:OMG","source":"<a href=\"http://app.weibo.com/t/feed/9ksdit\" rel=\"nofollow\">iPhone客户端</a>","favorited":false,"truncated":false,"in_reply_to_status_id":"","in_reply_to_user_id":"","in_reply_to_screen_name":"","pic_urls":[],"geo":null,"user":{"id":1829908071,"idstr":"1829908071","class":1,"screen_name":"上海滩Arthur","name":"上海滩Arthur","province":"31","city":"4","location":"上海 徐汇区","description":"修水管的","url":"","profile_image_url":"http://tp4.sinaimg.cn/1829908071/50/5693535074/1","cover_image_phone":"http://ww1.sinaimg.cn/crop.0.0.640.640.640/a1d3feabjw1ecat4uqw77j20hs0hsacp.jpg","profile_url":"zlarthur","domain":"zlarthur","weihao":"","gender":"m","followers_count":330,"friends_count":271,"statuses_count":1074,"favourites_count":24,"created_at":"Thu Oct 14 19:33:29 +0800 2010","following":false,"allow_all_act_msg":false,"geo_enabled":true,"verified":false,"verified_type":220,"remark":"","ptype":0,"allow_all_comment":true,"avatar_large":"http://tp4.sinaimg.cn/1829908071/180/5693535074/1","avatar_hd":"http://ww2.sinaimg.cn/crop.0.0.640.640.1024/6d122e67jw8eftywyzzwkj20hs0hsgoe.jpg","verified_reason":"","verified_trade":"","verified_reason_url":"","verified_source":"","verified_source_url":"","follow_me":false,"online_status":0,"bi_followers_count":157,"lang":"zh-cn","star":0,"mbtype":0,"mbrank":0,"block_word":0,"block_app":0},"pid":3741048461668360,"retweeted_status":{"created_at":"Thu Aug 07 21:30:04 +0800 2014","id":3741045458323183,"mid":"3741045458323183","idstr":"3741045458323183","text":"毛胚房和精装修的区别 。。。震惊了！","source":"<a href=\"http://app.weibo.com/t/feed/9ksdit\" rel=\"nofollow\">iPhone客户端</a>","favorited":false,"truncated":false,"in_reply_to_status_id":"","in_reply_to_user_id":"","in_reply_to_screen_name":"","pic_urls":[{"thumbnail_pic":"http://ww1.sinaimg.cn/thumbnail/799b7e64jw1ej4e8tnkgvj20hs0o077q.jpg"},{"thumbnail_pic":"http://ww4.sinaimg.cn/thumbnail/799b7e64jw1ej4e8w4um1j20hs0o0gos.jpg"}],"thumbnail_pic":"http://ww1.sinaimg.cn/thumbnail/799b7e64jw1ej4e8tnkgvj20hs0o077q.jpg","bmiddle_pic":"http://ww1.sinaimg.cn/bmiddle/799b7e64jw1ej4e8tnkgvj20hs0o077q.jpg","original_pic":"http://ww1.sinaimg.cn/large/799b7e64jw1ej4e8tnkgvj20hs0o077q.jpg","geo":null,"user":{"id":2040233572,"idstr":"2040233572","class":1,"screen_name":"serena_贝贝","name":"serena_贝贝","province":"400","city":"2","location":"海外 英国","description":"","url":"","profile_image_url":"http://tp1.sinaimg.cn/2040233572/50/5701175437/0","cover_image_phone":"http://ww4.sinaimg.cn/crop.0.0.0.640.640/6ce2240djw1e9uwtl4ig6j20hs0hsace.jpg","profile_url":"serenak","domain":"serenak","weihao":"","gender":"f","followers_count":22251,"friends_count":1453,"statuses_count":9987,"favourites_count":173,"created_at":"Sun Mar 27 03:35:12 +0800 2011","following":false,"allow_all_act_msg":false,"geo_enabled":true,"verified":true,"verified_type":0,"remark":"","ptype":0,"allow_all_comment":true,"avatar_large":"http://tp1.sinaimg.cn/2040233572/180/5701175437/0","avatar_hd":"http://ww2.sinaimg.cn/crop.0.0.640.640.1024/799b7e64jw8eio7cjw05pj20hs0hsq4j.jpg","verified_reason":"GrassGrowth投资有限公司副总裁","verified_trade":"","verified_reason_url":"","verified_source":"","verified_source_url":"","follow_me":false,"online_status":0,"bi_followers_count":1111,"lang":"zh-cn","star":0,"mbtype":2,"mbrank":4,"block_word":0,"block_app":0},"annotations":[{"client_mblogid":"iPhone-60B05706-401C-4BC7-B427-DB7C07FADF21"}],"reposts_count":12,"comments_count":13,"attitudes_count":11,"mlevel":0,"visible":{"type":0,"list_id":0},"darwin_tags":[]},"reposts_count":0,"comments_count":0,"attitudes_count":0,"mlevel":0,"visible":{"type":0,"list_id":0},"darwin_tags":[]}],"marks":[],"hasvisible":false,"previous_cursor":0,"next_cursor":0,"total_number":1077,"interval":0}
2014-08-08 10:17:22,934 [INFO] happy365.weiboCrawel: Statuses count:1
2014-08-08 10:17:22,944 [ERROR] happy365.weiboCrawel: (1062, "Duplicate entry '3741078152897317' for key 'sid'")
2014-08-08 10:17:22,944 [INFO] happy365.weiboCrawel: weibo status's text is:Oh gosh //@CrazyJvm:OMG
2014-08-08 10:17:22,944 [INFO] happy365.views: Status to analysis:Oh gosh //@CrazyJvm:OMG
2014-08-08 10:17:22,945 [INFO] ContentProvider: Call test method
2014-08-08 10:17:22,945 [INFO] ContentProvider: joke length:24207
2014-08-08 10:17:22,979 [INFO] NLP: Text to parse is:Oh gosh //@CrazyJvm:OMG
2014-08-08 10:17:22,982 [INFO] NLP: word:Oh
2014-08-08 10:17:22,982 [INFO] NLP: word:gosh
2014-08-08 10:17:22,982 [INFO] NLP: word:CrazyJvm
2014-08-08 10:17:22,982 [INFO] NLP: word:OMG
2014-08-08 10:17:22,983 [INFO] emotion.middleware: emotion.middleware
